Autor: akulov.a


> Файл журнала 'logs\2019.11.06\2019.11.06_12-27-52_massControlTool.log' успешно открыт для записи


===> Поиск файла со списком машин...
> Файл 'players.txt' успешно открыт

===> Попытка чтения списка машин...
> В файле 'players.txt' найдено данных: 19

===> Открыто дочернее окно ввода команд для выполнения


[INFO] Не введена ни одна команда, начать выполнение невозможно


[INFO] Не введена ни одна команда, начать выполнение невозможно

Введено команд для выполнения: 1
Выбранно целевых машин для выполнения: 19
Выбранные элементы НЕ являются роутерами

Выполнение введенных команд может занять некоторое время.


Введено команд для выполнения: 1
Выбранно целевых машин для выполнения: 19
Выбранные элементы ЯВЛЯЮТСЯ роутерами
Время ожидания ответа: 3 с.

Выполнение введенных команд может занять некоторое время.


Введено команд для выполнения: 1
Выбранно целевых машин для выполнения: 19
Выбранные элементы ЯВЛЯЮТСЯ роутерами
Время ожидания ответа: -1 с.

Выполнение введенных команд может занять некоторое время.



[CLOSE] Нажат красный крест закрытия дочернего окна программы


[CLOSE] Дочернее окно программы закрыто


[EXIT] Нажат красный крест для выхода из программы


[EXIT] Выход из программы подтвержден

