Autor: akulov.a


> Файл журнала 'logs\2019.11.06\2019.11.06_12-32-45_massControlTool.log' успешно открыт для записи


===> Поиск файла со списком машин...
> Файл 'players.txt' успешно открыт

===> Попытка чтения списка машин...
> В файле 'players.txt' найдено данных: 19

===> Открыто дочернее окно выбора файлов для передачи


[CLOSE] Нажат красный крест закрытия дочернего окна программы


[CLOSE] Дочернее окно программы закрыто

===> Открыто дочернее окно ввода команд для выполнения


[INFO] Не введена ни одна команда, начать выполнение невозможно

Введено команд для выполнения: 1
Выбранно целевых машин для выполнения: 19
Выбранные элементы ЯВЛЯЮТСЯ роутерами
Время ожидания ответа: 3 с.

Выполнение введенных команд может занять некоторое время.


Введено команд для выполнения: 1
Выбранно целевых машин для выполнения: 19
Выбранные элементы ЯВЛЯЮТСЯ роутерами
Время ожидания ответа: 0 с.

Выполнение введенных команд может занять некоторое время.



[INFO] Установлен флаг, обозначающий что выбранные машины являются роутерами.
Принцип отправки команд таков, что для получения корректного ответа, порой требуется выждать некоторое время до продолжения
Поэтому, требутеся указать время ожидания в секундах (ЦЕЛОЕ ПОЛОЖИТЕЛЬНОЕ число (либо 0))

Введённое число: '-2' не может быть использовано как время задержки до получения ответа от роутера

Введено команд для выполнения: 1
Выбранно целевых машин для выполнения: 19
Выбранные элементы ЯВЛЯЮТСЯ роутерами
Время ожидания ответа: -2 с.

Выполнение введенных команд может занять некоторое время.



[CLOSE] Нажат красный крест закрытия дочернего окна программы


[CLOSE] Дочернее окно программы закрыто


[EXIT] Нажат красный крест для выхода из программы


[EXIT] Выход из программы подтвержден

