Autor: akulov.a


> Файл журнала 'logs\2019.11.06\2019.11.06_11-30-26_massControlTool.log' успешно открыт для записи


===> Поиск файла со списком машин...
> Файл 'players.txt' успешно открыт

===> Попытка чтения списка машин...
> В файле 'players.txt' найдено данных: 19

===> Открыто дочернее окно ввода команд для выполнения

Введено команд для выполнения: 1
Выбранно целевых машин для выполнения: 1
Выбранные элементы НЕ являются роутерами

Выполнение введенных команд может занять некоторое время.


===================> НАЧАЛО ВЫПОЛНЕНИЯ КОМАНД <===================


===> [CONNECT] Попытка установки SSH-соединения с 'TEST' по IP-адресу 192.168.12.184 и порту 22...
> [CONNECT] SSH-соединение выполнено успешно!
===> Начало выполнения 1 команд:

===> Выполнение команды 'ls'...
> Команда 'ls' успешно выполнена
> Ответ сервера:
>>>
>>> a
>>> Desktop
>>> kattemp
>>> media
>>> player
>>> Templates
<<<
> Обработано: 1/1 || Успешно: 1/1 || С ошибками: 0


> Выполнение команд на 'TEST' с IP-адресом 192.168.12.184 завершена. Успешно выполнено команд: 1 из 1. Ошибок при выполнении: 0

> [CONNECT] Соединение с 'TEST' | 192.168.12.184 нормально закрыто


<===================> ВЫПОЛНЕНИЕ КОМАНД ЗАВЕРШЕНО <===================>
> Всего обработано машин: 1
> Успешно завершено: 1
> Нет связи: 0
> Есть связь, но возникли какие-либо ошибки: 0




[EXIT] Нажат красный крест для выхода из программы


[EXIT] Выход из программы подтвержден

