Autor: akulov.a


> Файл журнала 'logs\2019.11.06\2019.11.06_11-24-29_massControlTool.log' успешно открыт для записи


===> Поиск файла со списком машин...
> Файл 'players.txt' успешно открыт

===> Попытка чтения списка машин...
> В файле 'players.txt' найдено данных: 18

===> Открыто дочернее окно ввода команд для выполнения

Введено команд для выполнения: 1
Выбранно целевых машин для выполнения: 1
Выбранные элементы ЯВЛЯЮТСЯ роутерами

Выполнение введенных команд может занять некоторое время.


===================> НАЧАЛО ВЫПОЛНЕНИЯ КОМАНД <===================


===> [CONNECT] Попытка установки SSH-соединения с роутером 'Армавир 2 - Роутер' по IP-адресу 94.232.17.124 и порту 22...
> [CONNECT] SSH-соединение выполнено успешно!
===> Начало выполнения 1 команд:

===> Выполнение команды 'gfh'...
> Команда 'gfh успешно отправлена на роутер
> Роутер дал ответ:
>>>
>>> Router> gfh 
>>> % Command not found
>>> retval = -1
>>> ERROR: Parse error/command not found!
>>> Router> 
<<<
> Обработано: 1/1 || Успешно: 1/1 || С ошибками: 0


> Выполнение команд на роутере 'Армавир 2 - Роутер' с IP-адресом 94.232.17.124 завершена. Успешно выполнено команд: 1 из 1. Ошибок при выполнении: 0

> [CONNECT] Соединение с 'Армавир 2 - Роутер' | 94.232.17.124 нормально закрыто


<===================> ВЫПОЛНЕНИЕ КОМАНД ЗАВЕРШЕНО <===================>
> Всего обработано машин: 1
> Успешно завершено: 1
> Нет связи: 0
> Есть связь, но возникли какие-либо ошибки: 0



===> Открыто дочернее окно ввода команд для выполнения

Введено команд для выполнения: 1
Выбранно целевых машин для выполнения: 1
Выбранные элементы ЯВЛЯЮТСЯ роутерами

Выполнение введенных команд может занять некоторое время.


===================> НАЧАЛО ВЫПОЛНЕНИЯ КОМАНД <===================


===> [CONNECT] Попытка установки SSH-соединения с роутером 'Армавир 2 - Роутер' по IP-адресу 94.232.17.124 и порту 22...
> [CONNECT] SSH-соединение выполнено успешно!
===> Начало выполнения 1 команд:

===> Выполнение команды 'ping 8.8.8.8'...
> Команда 'ping 8.8.8.8 успешно отправлена на роутер
> Роутер дал ответ:
>>>
>>> Router> ping 8.8.8.8 
>>> PING 8.8.8.8 (8.8.8.8) 56(84) bytes of data.
>>> 64 bytes from 8.8.8.8: icmp_seq=1 ttl=44 time=43.1 ms
>>> 64 bytes from 8.8.8.8: icmp_seq=2 ttl=44 time=43.1 ms
>>> 64 bytes from 8.8.8.8: icmp_seq=3 ttl=44 time=43.1 ms
>>> 
>>> --- 8.8.8.8 ping statistics ---
>>> 3 packets transmitted, 3 received, 0% packet loss, time 2002ms
>>> rtt min/avg/max/mdev = 43.147/43.162/43.175/0.240 ms
>>> Router> 
<<<
> Обработано: 1/1 || Успешно: 1/1 || С ошибками: 0


> Выполнение команд на роутере 'Армавир 2 - Роутер' с IP-адресом 94.232.17.124 завершена. Успешно выполнено команд: 1 из 1. Ошибок при выполнении: 0

> [CONNECT] Соединение с 'Армавир 2 - Роутер' | 94.232.17.124 нормально закрыто


<===================> ВЫПОЛНЕНИЕ КОМАНД ЗАВЕРШЕНО <===================>
> Всего обработано машин: 1
> Успешно завершено: 1
> Нет связи: 0
> Есть связь, но возникли какие-либо ошибки: 0




[EXIT] Нажат красный крест для выхода из программы


[EXIT] Выход из программы подтвержден

