Autor: akulov.a


> Файл журнала 'logs\2019.11.06\2019.11.06_09-17-47_massControlTool.log' успешно открыт для записи


===> Поиск файла со списком машин...
> Файл 'players.txt' успешно открыт

===> Попытка чтения списка машин...
> В файле 'players.txt' найдено данных: 18


===> Начата проверка доступности по SSH (без паролей, быстро) на порт 22. Будет проверено машин: 1
> 1/1) Армавир 2 - Роутер | 94.232.17.124 - доступ ЕСТЬ

> Проверка завершена
> Проверено: 1 || Доступно: 1 из 1 || Нет доступа: 0 из 1 || Режим: SSH (без паролей, быстро)


===> Начата проверка доступности по SSH (с паролями, медленно) на порт 22. Будет проверено машин: 1
> 1/1) Армавир 2 - Роутер | 94.232.17.124 - доступ ЕСТЬ

> Проверка завершена
> Проверено: 1 || Доступно: 1 из 1 || Нет доступа: 0 из 1 || Режим: SSH (с паролями, медленно)

===> Открыто дочернее окно ввода команд для выполнения

Введено команд для выполнения: 1
Выбранно целевых машин для выполнения: 1

Выполнение введенных команд может занять некоторое время.


===================> НАЧАЛО ВЫПОЛНЕНИЯ КОМАНД <===================


===> [CONNECT] Попытка установки SSH-соединения с 'Армавир 2 - Роутер' по IP-адресу 94.232.17.124 и порту 22...
> [CONNECT] SSH-соединение выполнено успешно!
===> Начало выполнения 1 команд:

===> Выполнение команды 'reboot'...
