Autor: akulov.a


> Файл журнала 'logs\2019.11.06\2019.11.06_10-50-32_massControlTool.log' успешно открыт для записи


===> Поиск файла со списком машин...
> Файл 'players.txt' успешно открыт

===> Попытка чтения списка машин...
> В файле 'players.txt' найдено данных: 18

===> Открыто дочернее окно ввода команд для выполнения

False
Введено команд для выполнения: 1
Выбранно целевых машин для выполнения: 18
Выбранные элементы НЕ являются роутерами

Выполнение введенных команд может занять некоторое время.


False
Введено команд для выполнения: 1
Выбранно целевых машин для выполнения: 18
Выбранные элементы НЕ являются роутерами

Выполнение введенных команд может занять некоторое время.



[CLOSE] Нажат красный крест закрытия дочернего окна программы


[CLOSE] Дочернее окно программы закрыто


[EXIT] Нажат красный крест для выхода из программы


[EXIT] Выход из программы подтвержден

