Autor: akulov.a


> Файл журнала 'logs\2019.11.06\2019.11.06_12-47-18_massControlTool.log' успешно открыт для записи


===> Поиск файла со списком машин...
> Файл 'players.txt' успешно открыт

===> Попытка чтения списка машин...
> В файле 'players.txt' найдено данных: 20

===> Открыто дочернее окно ввода команд для выполнения

Введено команд для выполнения: 1
Выбранно целевых машин для выполнения: 1
Выбранные элементы ЯВЛЯЮТСЯ роутерами
Время ожидания ответа: 5 с.

Выполнение введенных команд может занять некоторое время.


===================> НАЧАЛО ВЫПОЛНЕНИЯ КОМАНД <===================


===> [CONNECT] Попытка установки SSH-соединения с роутером 'Армавир 2 - Роутер' по IP-адресу 94.232.17.124 и порту 22...
> [CONNECT] SSH-соединение выполнено успешно!
===> Начало выполнения 1 команд:

===> Выполнение команды 'uptime; ping 8.8.8.8'...
> Команда 'uptime; ping 8.8.8.8 успешно отправлена на роутер
> Роутер дал ответ:
>>>
>>> 
>>> Router> uptime; ping 8.8.8.8 
>>> 
>>> % Command not found
>>> retval = -1
>>> ERROR: Parse error/command not found!
>>> 
>>> Router> 
<<<
> Обработано: 1/1 || Успешно: 1/1 || С ошибками: 0


> Выполнение команд на роутере 'Армавир 2 - Роутер' с IP-адресом 94.232.17.124 завершена. Успешно выполнено команд: 1 из 1. Ошибок при выполнении: 0

> [CONNECT] Соединение с 'Армавир 2 - Роутер' | 94.232.17.124 нормально закрыто


<===================> ВЫПОЛНЕНИЕ КОМАНД ЗАВЕРШЕНО <===================>
> Всего обработано машин: 1
> Успешно завершено: 1
> Нет связи: 0
> Есть связь, но возникли какие-либо ошибки: 0



===> Открыто дочернее окно ввода команд для выполнения

Введено команд для выполнения: 1
Выбранно целевых машин для выполнения: 1
Выбранные элементы ЯВЛЯЮТСЯ роутерами
Время ожидания ответа: 5 с.

Выполнение введенных команд может занять некоторое время.


===================> НАЧАЛО ВЫПОЛНЕНИЯ КОМАНД <===================


===> [CONNECT] Попытка установки SSH-соединения с роутером 'Армавир 2 - Роутер' по IP-адресу 94.232.17.124 и порту 22...
> [CONNECT] SSH-соединение выполнено успешно!
===> Начало выполнения 1 команд:

===> Выполнение команды 'ping 8.8.8.8; dir /'...
> Команда 'ping 8.8.8.8; dir / успешно отправлена на роутер
> Роутер дал ответ:
>>>
>>> 
>>> Router> ping 8.8.8.8; dir / 
>>> 
>>> PING 8.8.8.8 (8.8.8.8) 56(84) bytes of data.
>>> 64 bytes from 8.8.8.8: icmp_seq=1 ttl=43 time=52.6 ms
>>> 64 bytes from 8.8.8.8: icmp_seq=2 ttl=43 time=52.6 ms
>>> 64 bytes from 8.8.8.8: icmp_seq=3 ttl=43 time=52.5 ms
>>> 
>>> --- 8.8.8.8 ping statistics ---
>>> 3 packets transmitted, 3 received, 0% packet loss, time 2003ms
>>> rtt min/avg/max/mdev = 52.558/52.599/52.626/0.029 ms
>>> File Name                                                                                                                       Size     Modified Time
>>> ===============================================================================
>>> conf/                                                                                                                           4096     2018-03-20 20:27:29
>>> latest_version                                                                                                                  5        2018-04-17 12:00:10
>>> idp/                                                                                                                            4096     2016-05-31 03:06:54
>>> debug/                                                                                                                          4096     2018-03-20 19:32:27
>>> packet_trace/                                                                                                                   4096     2016-02-03 05:33:39
>>> 3G_patch_file.wwan_decryption                                                                                                   17056    2018-03-20 19:31:37
>>> firmware2/                                                                                                                      4096     2018-03-20 19:31:27
>>> script/                                                                                                                         4096     2019-02-09 03:26:47
>>> standby_conf/                                                                                                                   4096     2019-11-06 21:51:17
>>> tr069/                                                                                                                          4096     2018-03-20 19:32:01
>>> tmp/                                                                                                                            4096     2018-03-20 20:28:06
>>> latest_version.test                                                                                                             34       2018-04-17 12:00:10
>>> firmware1/                                                                                                                      4096     2018-03-20 19:31:27
>>> current_version                                                                                                                 5        2018-03-20 19:31:37
>>> licenseremind                                                                                                                   42       2018-03-20 20:09:05
>>> 
>>> Router> 
<<<
> Обработано: 1/1 || Успешно: 1/1 || С ошибками: 0


> Выполнение команд на роутере 'Армавир 2 - Роутер' с IP-адресом 94.232.17.124 завершена. Успешно выполнено команд: 1 из 1. Ошибок при выполнении: 0

> [CONNECT] Соединение с 'Армавир 2 - Роутер' | 94.232.17.124 нормально закрыто


<===================> ВЫПОЛНЕНИЕ КОМАНД ЗАВЕРШЕНО <===================>
> Всего обработано машин: 1
> Успешно завершено: 1
> Нет связи: 0
> Есть связь, но возникли какие-либо ошибки: 0



===> Открыто дочернее окно ввода команд для выполнения

Введено команд для выполнения: 1
Выбранно целевых машин для выполнения: 1
Выбранные элементы ЯВЛЯЮТСЯ роутерами
Время ожидания ответа: 1 с.

Выполнение введенных команд может занять некоторое время.


===================> НАЧАЛО ВЫПОЛНЕНИЯ КОМАНД <===================


===> [CONNECT] Попытка установки SSH-соединения с роутером 'Армавир 2 - Роутер' по IP-адресу 94.232.17.124 и порту 22...
> [CONNECT] SSH-соединение выполнено успешно!
===> Начало выполнения 1 команд:

===> Выполнение команды 'ping 8.8.8.8; dir /'...
> Команда 'ping 8.8.8.8; dir / успешно отправлена на роутер
> Роутер дал ответ:
>>>
>>> 
>>> Router> ping 8.8.8.8; dir / 
>>> 
>>> PING 8.8.8.8 (8.8.8.8) 56(84) bytes of data.
>>> 64 bytes from 8.8.8.8: icmp_seq=1 ttl=43 time=52.6 ms
<<<
> Обработано: 1/1 || Успешно: 1/1 || С ошибками: 0


> Выполнение команд на роутере 'Армавир 2 - Роутер' с IP-адресом 94.232.17.124 завершена. Успешно выполнено команд: 1 из 1. Ошибок при выполнении: 0

> [CONNECT] Соединение с 'Армавир 2 - Роутер' | 94.232.17.124 нормально закрыто


<===================> ВЫПОЛНЕНИЕ КОМАНД ЗАВЕРШЕНО <===================>
> Всего обработано машин: 1
> Успешно завершено: 1
> Нет связи: 0
> Есть связь, но возникли какие-либо ошибки: 0




[EXIT] Нажат красный крест для выхода из программы


[EXIT] Выход из программы подтвержден

