Autor: akulov.a


> Файл журнала 'logs\2019.11.06\2019.11.06_11-31-16_massControlTool.log' успешно открыт для записи


===> Поиск файла со списком машин...
> Файл 'players.txt' успешно открыт

===> Попытка чтения списка машин...
> В файле 'players.txt' найдено данных: 19

===> Открыто дочернее окно ввода команд для выполнения

Введено команд для выполнения: 2
Выбранно целевых машин для выполнения: 1
Выбранные элементы НЕ являются роутерами

Выполнение введенных команд может занять некоторое время.


===================> НАЧАЛО ВЫПОЛНЕНИЯ КОМАНД <===================


===> [CONNECT] Попытка установки SSH-соединения с 'TEST' по IP-адресу 192.168.12.184 и порту 22...
> [CONNECT] SSH-соединение выполнено успешно!
===> Начало выполнения 2 команд:

===> Выполнение команды 'lss\'...
> [ERROR] Сервер вернул ошибку при выполнении команды 'lss\'
> [ERROR] Сервер вернул ошибку:
!>>>!
!>>>! bash: line 2: lss\: command not found
!<<<!
> Обработано: 1/2 || Успешно: 0/2 || С ошибками: 1

===> Выполнение команды 'ls'...
> Команда 'ls' успешно выполнена
> Ответ сервера:
>>>
>>> a
>>> Desktop
>>> kattemp
>>> media
>>> player
>>> Templates
<<<
> Обработано: 2/2 || Успешно: 1/2 || С ошибками: 1


> Выполнение команд на 'TEST' с IP-адресом 192.168.12.184 завершена. Успешно выполнено команд: 1 из 2. Ошибок при выполнении: 1

> Некоторые команды не удалось успешно выполнить от имени пользователя 'pi':
 1) 'lss\'


> [CONNECT] Соединение с 'TEST' | 192.168.12.184 нормально закрыто


<===================> ВЫПОЛНЕНИЕ КОМАНД ЗАВЕРШЕНО <===================>
> Всего обработано машин: 1
> Успешно завершено: 0
> Нет связи: 0
> Есть связь, но возникли какие-либо ошибки: 1

===> При обработке 1 машин возникли некоторые ошибки. Стоит проверить лог-файл 'logs\2019.11.06\2019.11.06_11-31-16_massControlTool.log'. Список проблемных элементов:
 1) 'TEST' с IP-адресом 192.168.12.184




[EXIT] Нажат красный крест для выхода из программы


[EXIT] Выход из программы подтвержден

