Autor: akulov.a


> Файл журнала 'logs\2019.11.06\2019.11.06_09-27-53_massControlTool.log' успешно открыт для записи


===> Поиск файла со списком машин...
> Файл 'players.txt' успешно открыт

===> Попытка чтения списка машин...
> В файле 'players.txt' найдено данных: 18

===> Открыто дочернее окно ввода команд для выполнения

Введено команд для выполнения: 1
Выбранно целевых машин для выполнения: 1

Выполнение введенных команд может занять некоторое время.


===================> НАЧАЛО ВЫПОЛНЕНИЯ КОМАНД <===================


===> [CONNECT] Попытка установки SSH-соединения с 'Армавир 2 - Роутер' по IP-адресу 94.232.17.124 и порту 22...
> [CONNECT] SSH-соединение выполнено успешно!
===> Начало выполнения 1 команд:

===> Выполнение команды 'reboot \n'...
> [ERROR] Сервер вернул ошибку при выполнении команды 'reboot \n'
> [ERROR] Сервер вернул ошибку:
!>>>!
!>>>! b'% session is not found'
!<<<!
> Обработано: 1/1 || Успешно: 0/1 || С ошибками: 1


> Выполнение команд на 'Армавир 2 - Роутер' с IP-адресом 94.232.17.124 завершена. Успешно выполнено команд: 0 из 1. Ошибок при выполнении: 1

> Некоторые команды не удалось успешно выполнить от имени пользователя 'admin':
 1) 'reboot \n'


> [CONNECT] Соединение с 'Армавир 2 - Роутер' | 94.232.17.124 нормально закрыто


<===================> ВЫПОЛНЕНИЕ КОМАНД ЗАВЕРШЕНО <===================>
> Всего обработано машин: 1
> Успешно завершено: 0
> Нет связи: 0
> Есть связь, но возникли какие-либо ошибки: 1

===> При обработке 1 машин возникли некоторые ошибки. Стоит проверить лог-файл 'logs\2019.11.06\2019.11.06_09-27-53_massControlTool.log'. Список проблемных элементов:
 1) 'Армавир 2 - Роутер' с IP-адресом 94.232.17.124




[EXIT] Нажат красный крест для выхода из программы


[EXIT] Выход из программы подтвержден

