Autor: akulov.a


> Файл журнала 'logs\2019.11.07\2019.11.07_11-49-42_massControlTool.log' успешно открыт для записи


===> Поиск файла со списком машин...
> Файл 'players.txt' успешно открыт

===> Попытка чтения списка машин...
> В файле 'players.txt' найдено данных: 20

===> Открыто дочернее окно общих настроек

===> Нажата кнопка применения изменений - начата проверка значений...
> Параметр "Порт для SSH-подключений" успешно установлен на значение '22'

> Применение параметров успешно завершено

===> Нажата кнопка применения изменений - начата проверка значений...
> Параметр "Порт для SSH-подключений" успешно установлен на значение '70'

> Применение параметров успешно завершено

> Нажата кнопка отмены - новые настройки применены не будут, окно параметров закрыто
===> Открыто дочернее окно общих настроек

===> Нажата кнопка применения изменений - начата проверка значений...

[INFO] Параметр "Порт для SSH-подключений" задан некорретно!
Порт должен являться целым положительным числом

Текущее значение: 'a'

> Применение параметров частично не выполнено

> Нажата кнопка отмены - новые настройки применены не будут, окно параметров закрыто
===> Открыто дочернее окно общих настроек

===> Нажата кнопка применения изменений - начата проверка значений...
> Параметр "Порт для SSH-подключений" успешно установлен на значение '-10'

[INFO] Параметр "Порт для SSH-подключений" задан некорретно!
Порт должен являться целым положительным числом

Текущее значение: '-10'

> Параметр "Порт для SSH-подключений" сброшен на исходное значение: '70'
> Применение параметров частично не выполнено

> Нажата кнопка отмены - новые настройки применены не будут, окно параметров закрыто
===> Открыто дочернее окно общих настроек

===> Нажата кнопка применения и сохранения изменений в файл - начата проверка значений...
> Параметр "Порт для SSH-подключений" успешно установлен на значение '10'

> Применение параметров успешно завершено

> Нажата кнопка отмены - новые настройки применены не будут, окно параметров закрыто
===> Открыто дочернее окно общих настроек

===> Нажата кнопка применения и сохранения изменений в файл - начата проверка значений...

[INFO] Параметр "Порт для SSH-подключений" задан некорретно!
Порт должен являться целым положительным числом

Текущее значение: 'a'

> Применение параметров частично не выполнено

> При применении параметров возник сбой, сохранение в файл отменено

[CLOSE] Нажат красный крест закрытия дочернего окна программы


[CLOSE] Дочернее окно программы закрыто


[EXIT] Нажат красный крест для выхода из программы


[EXIT] Выход из программы подтвержден

