Autor: akulov.a


> Файл журнала 'logs\2019.11.07\2019.11.07_11-31-03_massControlTool.log' успешно открыт для записи


===> Поиск файла со списком машин...
> Файл 'players.txt' успешно открыт

===> Попытка чтения списка машин...
> В файле 'players.txt' найдено данных: 20

===> Открыто дочернее окно общих настроек

> Нажата кнопка применения изменений - начата проверка значений...
> Параметр "Порт для SSH-подключений" успешно установлен на значение '22'


> Нажата кнопка применения изменений - начата проверка значений...
> Параметр "Порт для SSH-подключений" успешно установлен на значение '77'


> Нажата кнопка применения изменений - начата проверка значений...

[INFO] Параметр "Порт для SSH-подключений" задан некорретно!
Порт должен являться целым положительным числом

Текущее значение: 'a'

> Нажата кнопка применения изменений - начата проверка значений...
> Параметр "Порт для SSH-подключений" успешно установлен на значение '-1'

[INFO] Параметр "Порт для SSH-подключений" задан некорретно!
Порт должен являться целым положительным числом

Текущее значение: '-1'

Параметр "Порт для SSH-подключений" сброшен на исходное значение: '77'

[CLOSE] Нажат красный крест закрытия дочернего окна программы


[CLOSE] Дочернее окно программы закрыто


===> Начата проверка доступности по SSH (без паролей, быстро) на порт 77. Будет проверено машин: 1
> 1/1) TEST | 192.168.12.184 - доступ __ОШИБКА__

> Проверка завершена
> Проверено: 1 || Доступно: 0 из 1 || Нет доступа: 1 из 1 || Режим: SSH (без паролей, быстро)

> Ошибки возникли при проверке следующих машин:

> 1) TEST | 192.168.12.184


===> Открыто дочернее окно общих настроек

> Нажата кнопка применения изменений - начата проверка значений...
> Параметр "Порт для SSH-подключений" успешно установлен на значение '22'



[CLOSE] Нажат красный крест закрытия дочернего окна программы


[CLOSE] Дочернее окно программы закрыто


===> Начата проверка доступности по SSH (без паролей, быстро) на порт 22. Будет проверено машин: 1
> 1/1) TEST | 192.168.12.184 - доступ ЕСТЬ

> Проверка завершена
> Проверено: 1 || Доступно: 1 из 1 || Нет доступа: 0 из 1 || Режим: SSH (без паролей, быстро)

===> Открыто дочернее окно общих настроек


[CLOSE] Нажат красный крест закрытия дочернего окна программы


[CLOSE] Дочернее окно программы закрыто

===> Открыто дочернее окно ввода команд для выполнения


[CLOSE] Нажат красный крест закрытия дочернего окна программы


[CLOSE] Дочернее окно программы закрыто

===> Открыто дочернее окно ввода команд для выполнения


[CLOSE] Нажат красный крест закрытия дочернего окна программы


[CLOSE] Дочернее окно программы закрыто


===> Начата проверка доступности по SSH (без паролей, быстро) на порт 22. Будет проверено машин: 1
> 1/1) Армавир 2 - Роутер | 94.232.17.124 - доступ ЕСТЬ

> Проверка завершена
> Проверено: 1 || Доступно: 1 из 1 || Нет доступа: 0 из 1 || Режим: SSH (без паролей, быстро)

===> Открыто дочернее окно ввода команд для выполнения


[INFO] Установлен флаг, обозначающий что выбранные машины являются роутерами.
Принцип отправки команд таков, что для получения корректного ответа, порой требуется выждать некоторое время до продолжения
Поэтому, требутеся указать время ожидания в секундах (ЦЕЛОЕ ПОЛОЖИТЕЛЬНОЕ число, либо 0)

Введённое число: '-1' не может быть использовано как время задержки до получения ответа от роутера


[CLOSE] Нажат красный крест закрытия дочернего окна программы


[CLOSE] Дочернее окно программы закрыто

===> Открыто дочернее окно ввода команд для выполнения

Введено команд для выполнения: 1
Выбранно целевых машин для выполнения: 1
Выбранные элементы ЯВЛЯЮТСЯ роутерами
Время ожидания ответа: 3 с.

Выполнение введенных команд может занять некоторое время.


===================> НАЧАЛО ВЫПОЛНЕНИЯ КОМАНД <===================


===> [CONNECT] Попытка установки SSH-соединения с роутером 'Армавир 2 - Роутер' по IP-адресу 94.232.17.124 и порту 22...
> [CONNECT] SSH-соединение выполнено успешно!
===> Начало выполнения 1 команд:

===> Выполнение команды 'ping 8.8.8.8'...
> Команда 'ping 8.8.8.8 успешно отправлена на роутер
> Роутер дал ответ:
>>>
>>> 
>>> Router> ping 8.8.8.8 
>>> 
>>> PING 8.8.8.8 (8.8.8.8) 56(84) bytes of data.
>>> 64 bytes from 8.8.8.8: icmp_seq=1 ttl=43 time=52.2 ms
>>> 64 bytes from 8.8.8.8: icmp_seq=2 ttl=43 time=52.2 ms
>>> 64 bytes from 8.8.8.8: icmp_seq=3 ttl=43 time=52.2 ms
>>> 
>>> --- 8.8.8.8 ping statistics ---
>>> 3 packets transmitted, 3 received, 0% packet loss, time 2003ms
>>> rtt min/avg/max/mdev = 52.242/52.268/52.295/0.021 ms
>>> 
>>> Router> 
<<<
> Обработано: 1/1 || Успешно: 1/1 || С ошибками: 0


> Выполнение команд на роутере 'Армавир 2 - Роутер' с IP-адресом 94.232.17.124 завершена. Успешно выполнено команд: 1 из 1. Ошибок при выполнении: 0

> [CONNECT] Соединение с 'Армавир 2 - Роутер' | 94.232.17.124 нормально закрыто


<===================> ВЫПОЛНЕНИЕ КОМАНД ЗАВЕРШЕНО <===================>
> Всего обработано машин: 1
> Успешно завершено: 1
> Нет связи: 0
> Есть связь, но возникли какие-либо ошибки: 0



===> Открыто дочернее окно ввода команд для выполнения

Введено команд для выполнения: 1
Выбранно целевых машин для выполнения: 1
Выбранные элементы ЯВЛЯЮТСЯ роутерами
Время ожидания ответа: 5 с.

Выполнение введенных команд может занять некоторое время.



[CLOSE] Нажат красный крест закрытия дочернего окна программы


[CLOSE] Дочернее окно программы закрыто

===> Открыто дочернее окно ввода команд для выполнения


[CLOSE] Нажат красный крест закрытия дочернего окна программы


[CLOSE] Дочернее окно программы закрыто

===> Открыто дочернее окно общих настроек


[CLOSE] Нажат красный крест закрытия дочернего окна программы


[CLOSE] Дочернее окно программы закрыто

===> Открыто дочернее окно ввода команд для выполнения


[CLOSE] Нажат красный крест закрытия дочернего окна программы


[CLOSE] Дочернее окно программы закрыто

===> Открыто дочернее окно выбора файлов для передачи


[CLOSE] Нажат красный крест закрытия дочернего окна программы


[CLOSE] Дочернее окно программы закрыто

===> Открыто дочернее окно общих настроек

> Нажата кнопка отмены - новые настройки применены не будут, окно параметров закрыто
===> Открыто дочернее окно общих настроек

> Нажата кнопка применения изменений - начата проверка значений...
> Параметр "Порт для SSH-подключений" успешно установлен на значение '70'


> Нажата кнопка отмены - новые настройки применены не будут, окно параметров закрыто
===> Открыто дочернее окно общих настроек


[CLOSE] Нажат красный крест закрытия дочернего окна программы


[CLOSE] Дочернее окно программы закрыто


[EXIT] Нажат красный крест для выхода из программы


[EXIT] Выход из программы подтвержден

