Autor: akulov.a


> Файл журнала 'logs\2019.11.07\2019.11.07_14-57-29_massControlTool.log' успешно открыт для записи


===> Попытка открытия файла конфигурации 'settings.cfg'
> Файл конфигурации успешно открыт, выполняется чтение данных...
> Параметры успешно загружены из файла конфигурации

===> Поиск файла со списком машин...
> Файл 'players.txt' успешно открыт

===> Попытка чтения списка машин...
> В файле 'players.txt' найдено данных: 20

===> Открыто дочернее окно общих настроек

===> Нажата кнопка применения и сохранения изменений в файл - начата проверка значений...
> Параметр "Порт для SSH-подключений" успешно установлен на значение '22'

> Применение параметров успешно завершено

===> Попытка создать или перезаписать файл настроек 'settings.cfg'...
> Файл настроек успешно открыт для записи
> Сохранение параметров в открытый файл...
> Сохранение параметров в файл настроек успешно завершено, файл закрыт

===> Открыто дочернее окно настроек списка машин


[CLOSE] Нажат красный крест закрытия дочернего окна программы


[CLOSE] Дочернее окно программы закрыто

