Autor: akulov.a


> Файл журнала 'logs\2019.11.21\2019.11.21_17-24-09_massControlTool.log' успешно открыт для записи


===> Попытка открытия файла конфигурации 'settings.cfg'
> Не удалось открыть файл конфигурации - возможно, сохраненная конфигурация отсутствует (скорее всего), либо нет прав на чтение файла 'settings.cfg'
> Используются настройки по умолчанию...

===> Инициализирована пересборка списка машин из файла - поиск файла со списком машин...
> Файл 'players.txt' успешно открыт

===> Попытка чтения списка машин...
> В файле 'players.txt' найдено данных: 0

===> Открыто дочернее окно общих настроек

===> Открыто дочернее окно настроек списка машин


[CLOSE] Нажат красный крест закрытия дочернего окна программы


[CLOSE] Дочернее окно программы закрыто


[INFO] Не выбрана ни одина машина, запрашиваемое действие выполнить невозможно


[INFO] Не выбрана ни одина машина, запрашиваемое действие выполнить невозможно

===> Открыто дочернее окно выбора файлов для передачи


[CLOSE] Нажат красный крест закрытия дочернего окна программы


[CLOSE] Дочернее окно программы закрыто


[EXIT] Нажат красный крест для выхода из программы


[EXIT] Выход из программы подтвержден

