Autor: akulov.a


> Файл журнала 'logs\2020.01.23\2020.01.23_17-18-44_massControlTool.log' успешно открыт для записи


===> Попытка открытия файла конфигурации 'settings.cfg'
> Не удалось открыть файл конфигурации - возможно, сохраненная конфигурация отсутствует (скорее всего), либо нет прав на чтение файла 'settings.cfg'
> Используются настройки по умолчанию...

===> Инициализирована пересборка списка машин из файла - поиск файла со списком машин...
> Файл 'players.txt' успешно открыт

===> Попытка чтения списка машин...
> В файле 'players.txt' найдено данных: 0

===> Открыто дочернее окно общих настроек

===> Открыто дочернее окно настроек списка машин


[CLOSE] Нажат красный крест закрытия дочернего окна программы


[CLOSE] Дочернее окно программы закрыто


===> Начата проверка доступности по SSH (без паролей, быстро) на порт 22. Будет проверено машин: 4
> 1/4) Demo player (1) | 172.16.0.1 - доступ ЕСТЬ
> 2/4) Demo player (2) | 172.16.0.2 - доступ __ОШИБКА__
> 3/4) Demo player (3) | 172.16.0.3 - доступ __ОШИБКА__
> 4/4) Demo player (4) | 172.16.0.4 - доступ __ОШИБКА__

> Проверка завершена
> Проверено: 4 || Доступно: 1 из 4 || Нет доступа: 3 из 4 || Режим: SSH (без паролей, быстро)

> Ошибки возникли при проверке следующих машин:

> 1) Demo player (2) | 172.16.0.2
> 2) Demo player (3) | 172.16.0.3
> 3) Demo player (4) | 172.16.0.4



[EXIT] Нажат красный крест для выхода из программы


[EXIT] Выход из программы подтвержден

