Autor: akulov.a


> Файл журнала 'logs\2019.11.08\2019.11.08_13-43-25_massControlTool.log' успешно открыт для записи


===> Попытка открытия файла конфигурации 'settings.cfg'
> Файл конфигурации успешно открыт, выполняется чтение данных...
> Параметры успешно загружены из файла конфигурации

===> Поиск файла со списком машин...
> Файл 'players.txt' успешно открыт

===> Попытка чтения списка машин...
> В файле 'players.txt' найдено данных: 20

===> Открыто дочернее окно общих настроек

===> Нажата кнопка применения изменений - начата проверка значений...
> Параметр "Порт для SSH-подключений" успешно установлен на значение '221'

> Применение параметров успешно завершено


[CLOSE] Нажат красный крест закрытия дочернего окна программы


[CLOSE] Дочернее окно программы закрыто


===> Начата проверка доступности по SSH (без паролей, быстро) на порт 221. Будет проверено машин: 1
> 1/1) TEST | 192.168.12.184 - доступ __ОШИБКА__

> Проверка завершена
> Проверено: 1 || Доступно: 0 из 1 || Нет доступа: 1 из 1 || Режим: SSH (без паролей, быстро)

> Ошибки возникли при проверке следующих машин:

> 1) TEST | 192.168.12.184


===> Открыто дочернее окно общих настроек

===> Нажата кнопка применения и сохранения изменений в файл - начата проверка значений...
> Параметр "Порт для SSH-подключений" успешно установлен на значение '221'

> Применение параметров успешно завершено

===> Попытка создать или перезаписать файл настроек 'settings.cfg'...
> Файл настроек успешно открыт для записи
> Сохранение параметров в открытый файл...
> Сохранение параметров в файл настроек успешно завершено, файл закрыт

