Autor: akulov.a


> Файл журнала 'logs\2019.11.08\2019.11.08_14-34-26_massControlTool.log' успешно открыт для записи


===> Попытка открытия файла конфигурации 'settings.cfg'
> Файл конфигурации успешно открыт, выполняется чтение данных...
> Параметры успешно загружены из файла конфигурации

===> Инициализирована пересборка списка машин из файла - поиск файла со списком машин...
> Файл 'players.txt' успешно открыт

===> Попытка чтения списка машин...
> В файле 'players.txt' найдено данных: 0

===> Открыто дочернее окно общих настроек

===> Открыто дочернее окно настроек списка машин

===> Инициализирована пересборка списка машин из файла - поиск файла со списком машин...
> Файл 'players.txt' успешно открыт

===> Попытка чтения списка машин...
> В файле 'players.txt' найдено данных: 20

===> Инициализирована пересборка списка машин из файла - поиск файла со списком машин...
> Файл 'players.txt' успешно открыт

===> Попытка чтения списка машин...
> В файле 'players.txt' найдено данных: 20

===> Инициализирована пересборка списка машин из файла - поиск файла со списком машин...
> Файл 'players.txt' успешно открыт

===> Попытка чтения списка машин...
> В файле 'players.txt' найдено данных: 20

Обновлено значение файла машин для данной сессии. Новое значение: 'playerss.txt'

===> Инициализирована пересборка списка машин из файла - поиск файла со списком машин...

[INFO] Ошибка открытия файла списка машин
Проверьте наличие файла 'playerss.txt', а также его доступность
Возможно, у пользователя нет прав на чтение файла

Обновлено значение файла машин для данной сессии. Новое значение: 'playerss.txt'

===> Попытка создать или перезаписать файл настроек 'settings.cfg'...
> Файл настроек успешно открыт для записи
> Сохранение параметров в открытый файл...
> Сохранение параметров в файл настроек успешно завершено, файл закрыт


[CLOSE] Нажат красный крест закрытия дочернего окна программы


[CLOSE] Дочернее окно программы закрыто

