Autor: akulov.a


> Файл журнала 'logs\2019.11.08\2019.11.08_11-52-12_massControlTool.log' успешно открыт для записи


===> Попытка открытия файла конфигурации 'settings.cfg'
> Файл конфигурации успешно открыт, выполняется чтение данных...
> Параметры успешно загружены из файла конфигурации

===> Поиск файла со списком машин...
> Файл 'players.txt' успешно открыт

===> Попытка чтения списка машин...
> В файле 'players.txt' найдено данных: 20

===> Открыто дочернее окно общих настроек

===> Открыто дочернее окно настроек списка машин

> Нажата кнопка возврата - новые настройки применены не будут, возврат в окно основных настроек
===> Открыто дочернее окно общих настроек

===> Нажата кнопка применения и сохранения изменений в файл - начата проверка значений...
> Параметр "Порт для SSH-подключений" успешно установлен на значение '22'

> Применение параметров успешно завершено

===> Попытка создать или перезаписать файл настроек 'settings.cfg'...
> Файл настроек успешно открыт для записи
> Сохранение параметров в открытый файл...
> Сохранение параметров в файл настроек успешно завершено, файл закрыт

> Нажата кнопка отмены - новые настройки применены не будут, окно параметров закрыто

[EXIT] Нажат красный крест для выхода из программы


[EXIT] Выход из программы подтвержден

