Autor: akulov.a


> Файл журнала 'logs\2019.11.08\2019.11.08_13-45-34_massControlTool.log' успешно открыт для записи


===> Попытка открытия файла конфигурации 'settings.cfg'
> Файл конфигурации успешно открыт, выполняется чтение данных...
> Параметры успешно загружены из файла конфигурации

===> Поиск файла со списком машин...

[INFO] Ошибка открытия файла списка машин
Проверьте наличие файла 'playerss.txt' в папке с программой, а также его доступность
Возможно, у пользователя нет прав на чтение файла

===> Открыто дочернее окно настроек списка машин

Обновлено значение файла машин для данной сессии. Новое значение: 'players.txt'

===> Попытка создать или перезаписать файл настроек 'settings.cfg'...
> Файл настроек успешно открыт для записи
> Сохранение параметров в открытый файл...
> Сохранение параметров в файл настроек успешно завершено, файл закрыт

> Нажата кнопка возврата - новые настройки применены не будут, возврат в окно основных настроек
===> Открыто дочернее окно общих настроек

===> Нажата кнопка применения и сохранения изменений в файл - начата проверка значений...
> Параметр "Порт для SSH-подключений" успешно установлен на значение '22'

> Применение параметров успешно завершено

===> Попытка создать или перезаписать файл настроек 'settings.cfg'...
> Файл настроек успешно открыт для записи
> Сохранение параметров в открытый файл...
> Сохранение параметров в файл настроек успешно завершено, файл закрыт

