Autor: akulov.a


> Файл журнала 'logs\2019.11.08\2019.11.08_14-38-16_massControlTool.log' успешно открыт для записи


===> Попытка открытия файла конфигурации 'settings.cfg'
> Файл конфигурации успешно открыт, выполняется чтение данных...
> Параметры успешно загружены из файла конфигурации

===> Инициализирована пересборка списка машин из файла - поиск файла со списком машин...
> Файл 'players.txt' успешно открыт

===> Попытка чтения списка машин...
> В файле 'players.txt' найдено данных: 0

===> Открыто дочернее окно общих настроек

===> Открыто дочернее окно настроек списка машин

Обновлено значение файла машин для данной сессии. Новое значение: 'test\players.txt'

===> Инициализирована пересборка списка машин из файла - поиск файла со списком машин...
> Файл 'test\players.txt' успешно открыт

===> Попытка чтения списка машин...
> В файле 'test\players.txt' найдено данных: 20

> Список машин успешно загружен из файла.
> Обновление графического интерфейса...

> Графический интерфейс обновлен успешно
> Пересборка списка завершена!
===> Инициализирована пересборка списка машин из файла - поиск файла со списком машин...
> Файл 'test\players.txt' успешно открыт

===> Попытка чтения списка машин...
> В файле 'test\players.txt' найдено данных: 20

> Список машин успешно загружен из файла.
> Обновление графического интерфейса...

> Графический интерфейс обновлен успешно
> Пересборка списка завершена!
Обновлено значение файла машин для данной сессии. Новое значение: 'players.txt'

===> Инициализирована пересборка списка машин из файла - поиск файла со списком машин...

[INFO] Ошибка открытия файла списка машин
Проверьте наличие файла 'players.txt', а также его доступность
Возможно, у пользователя нет прав на чтение файла

Обновлено значение файла машин для данной сессии. Новое значение: 'C:\Users\akulov.a\Desktop\autogyro\players.txt'

===> Инициализирована пересборка списка машин из файла - поиск файла со списком машин...
> Файл 'C:\Users\akulov.a\Desktop\autogyro\players.txt' успешно открыт

===> Попытка чтения списка машин...
> В файле 'C:\Users\akulov.a\Desktop\autogyro\players.txt' найдено данных: 20

> Список машин успешно загружен из файла.
> Обновление графического интерфейса...

> Графический интерфейс обновлен успешно
> Пересборка списка завершена!
===> Инициализирована пересборка списка машин из файла - поиск файла со списком машин...

[INFO] Ошибка открытия файла списка машин
Проверьте наличие файла 'C:\Users\akulov.a\Desktop\autogyro\players.txt', а также его доступность
Возможно, у пользователя нет прав на чтение файла

Обновлено значение файла машин для данной сессии. Новое значение: 'players.txt'

===> Попытка создать или перезаписать файл настроек 'settings.cfg'...
> Файл настроек успешно открыт для записи
> Сохранение параметров в открытый файл...
> Сохранение параметров в файл настроек успешно завершено, файл закрыт

===> Инициализирована пересборка списка машин из файла - поиск файла со списком машин...
> Файл 'players.txt' успешно открыт

===> Попытка чтения списка машин...
> В файле 'players.txt' найдено данных: 20

> Список машин успешно загружен из файла.
> Обновление графического интерфейса...

> Графический интерфейс обновлен успешно
> Пересборка списка завершена!
